<?xml version="1.0" encoding="UTF-8"?>
<testsuite xmlns:xsi="http://www.w3.org/2001/XMLSchema-instance" xsi:noNamespaceSchemaLocation="https://maven.apache.org/surefire/maven-surefire-plugin/xsd/surefire-test-report.xsd" name="TestSuite" time="305.553" tests="10" errors="0" skipped="0" failures="1">
  <properties>
    <property name="sun.desktop" value="windows"/>
    <property name="awt.toolkit" value="sun.awt.windows.WToolkit"/>
    <property name="file.encoding.pkg" value="sun.io"/>
    <property name="java.specification.version" value="1.8"/>
    <property name="sun.cpu.isalist" value="amd64"/>
    <property name="sun.jnu.encoding" value="Cp1252"/>
    <property name="java.class.path" value="c:\Users\Sadique\workspace\SundayCaptAmericaProject\target\test-classes;c:\Users\Sadique\workspace\SundayCaptAmericaProject\target\classes;C:\Users\Sadique\.m2\repository\io\github\bonigarcia\webdrivermanager\3.8.1\webdrivermanager-3.8.1.jar;C:\Users\Sadique\.m2\repository\org\slf4j\slf4j-api\1.7.25\slf4j-api-1.7.25.jar;C:\Users\Sadique\.m2\repository\commons-io\commons-io\2.6\commons-io-2.6.jar;C:\Users\Sadique\.m2\repository\com\google\code\gson\gson\2.8.5\gson-2.8.5.jar;C:\Users\Sadique\.m2\repository\org\apache\commons\commons-lang3\3.8.1\commons-lang3-3.8.1.jar;C:\Users\Sadique\.m2\repository\org\apache\httpcomponents\httpclient\4.5.6\httpclient-4.5.6.jar;C:\Users\Sadique\.m2\repository\org\rauschig\jarchivelib\1.0.0\jarchivelib-1.0.0.jar;C:\Users\Sadique\.m2\repository\org\apache\commons\commons-compress\1.18\commons-compress-1.18.jar;C:\Users\Sadique\.m2\repository\org\jsoup\jsoup\1.11.3\jsoup-1.11.3.jar;C:\Users\Sadique\.m2\repository\info\cukes\cucumber-core\1.2.4\cucumber-core-1.2.4.jar;C:\Users\Sadique\.m2\repository\info\cukes\cucumber-html\0.2.3\cucumber-html-0.2.3.jar;C:\Users\Sadique\.m2\repository\info\cukes\cucumber-java\1.2.4\cucumber-java-1.2.4.jar;C:\Users\Sadique\.m2\repository\info\cukes\cucumber-testng\1.2.4\cucumber-testng-1.2.4.jar;C:\Users\Sadique\.m2\repository\info\cukes\gherkin\2.12.2\gherkin-2.12.2.jar;C:\Users\Sadique\.m2\repository\info\cukes\cucumber-jvm-deps\1.0.5\cucumber-jvm-deps-1.0.5.jar;C:\Users\Sadique\.m2\repository\com\github\mkolisnyk\cucumber-report-generator\1.3.5\cucumber-report-generator-1.3.5.jar;C:\Users\Sadique\.m2\repository\xml-apis\xml-apis\1.4.01\xml-apis-1.4.01.jar;C:\Users\Sadique\.m2\repository\batik\batik-transcoder\1.6-1\batik-transcoder-1.6-1.jar;C:\Users\Sadique\.m2\repository\batik\batik-bridge\1.6-1\batik-bridge-1.6-1.jar;C:\Users\Sadique\.m2\repository\batik\batik-gvt\1.6-1\batik-gvt-1.6-1.jar;C:\Users\Sadique\.m2\repository\batik\batik-awt-util\1.6-1\batik-awt-util-1.6-1.jar;C:\Users\Sadique\.m2\repository\batik\batik-util\1.6-1\batik-util-1.6-1.jar;C:\Users\Sadique\.m2\repository\batik\batik-gui-util\1.6-1\batik-gui-util-1.6-1.jar;C:\Users\Sadique\.m2\repository\batik\batik-ext\1.6-1\batik-ext-1.6-1.jar;C:\Users\Sadique\.m2\repository\xml-apis\xmlParserAPIs\2.0.2\xmlParserAPIs-2.0.2.jar;C:\Users\Sadique\.m2\repository\batik\batik-script\1.6-1\batik-script-1.6-1.jar;C:\Users\Sadique\.m2\repository\rhino\js\1.5R4.1\js-1.5R4.1.jar;C:\Users\Sadique\.m2\repository\batik\batik-svg-dom\1.6-1\batik-svg-dom-1.6-1.jar;C:\Users\Sadique\.m2\repository\batik\batik-dom\1.6-1\batik-dom-1.6-1.jar;C:\Users\Sadique\.m2\repository\batik\batik-css\1.6-1\batik-css-1.6-1.jar;C:\Users\Sadique\.m2\repository\batik\batik-xml\1.6-1\batik-xml-1.6-1.jar;C:\Users\Sadique\.m2\repository\xerces\xercesImpl\2.5.0\xercesImpl-2.5.0.jar;C:\Users\Sadique\.m2\repository\batik\batik-parser\1.6-1\batik-parser-1.6-1.jar;C:\Users\Sadique\.m2\repository\com\itextpdf\itextpdf\5.5.12\itextpdf-5.5.12.jar;C:\Users\Sadique\.m2\repository\com\cedarsoftware\json-io\4.10.0\json-io-4.10.0.jar;C:\Users\Sadique\.m2\repository\info\cukes\cucumber-junit\1.2.5\cucumber-junit-1.2.5.jar;C:\Users\Sadique\.m2\repository\junit\junit\4.12\junit-4.12.jar;C:\Users\Sadique\.m2\repository\org\xhtmlrenderer\flying-saucer-pdf\9.1.7\flying-saucer-pdf-9.1.7.jar;C:\Users\Sadique\.m2\repository\com\lowagie\itext\2.1.7\itext-2.1.7.jar;C:\Users\Sadique\.m2\repository\org\bouncycastle\bctsp-jdk14\1.38\bctsp-jdk14-1.38.jar;C:\Users\Sadique\.m2\repository\org\xhtmlrenderer\flying-saucer-core\9.1.7\flying-saucer-core-9.1.7.jar;C:\Users\Sadique\.m2\repository\commons-codec\commons-codec\1.10\commons-codec-1.10.jar;C:\Users\Sadique\.m2\repository\org\javassist\javassist\3.22.0-CR2\javassist-3.22.0-CR2.jar;C:\Users\Sadique\.m2\repository\joda-time\joda-time\2.9.9\joda-time-2.9.9.jar;C:\Users\Sadique\.m2\repository\org\freemarker\freemarker\2.3.26-incubating\freemarker-2.3.26-incubating.jar;C:\Users\Sadique\.m2\repository\org\codehaus\plexus\plexus-utils\3.0.1\plexus-utils-3.0.1.jar;C:\Users\Sadique\.m2\repository\org\apache\maven\maven-plugin-api\2.0\maven-plugin-api-2.0.jar;C:\Users\Sadique\.m2\repository\org\apache\maven\reporting\maven-reporting-api\2.0.8\maven-reporting-api-2.0.8.jar;C:\Users\Sadique\.m2\repository\org\apache\maven\doxia\doxia-sink-api\1.0-alpha-9\doxia-sink-api-1.0-alpha-9.jar;C:\Users\Sadique\.m2\repository\org\apache\maven\reporting\maven-reporting-impl\2.0.4.3\maven-reporting-impl-2.0.4.3.jar;C:\Users\Sadique\.m2\repository\org\apache\maven\maven-project\2.0.4\maven-project-2.0.4.jar;C:\Users\Sadique\.m2\repository\org\apache\maven\maven-settings\2.0.4\maven-settings-2.0.4.jar;C:\Users\Sadique\.m2\repository\org\apache\maven\maven-profile\2.0.4\maven-profile-2.0.4.jar;C:\Users\Sadique\.m2\repository\org\apache\maven\maven-model\2.0.4\maven-model-2.0.4.jar;C:\Users\Sadique\.m2\repository\org\apache\maven\maven-artifact-manager\2.0.4\maven-artifact-manager-2.0.4.jar;C:\Users\Sadique\.m2\repository\org\apache\maven\maven-repository-metadata\2.0.4\maven-repository-metadata-2.0.4.jar;C:\Users\Sadique\.m2\repository\org\apache\maven\wagon\wagon-provider-api\1.0-alpha-6\wagon-provider-api-1.0-alpha-6.jar;C:\Users\Sadique\.m2\repository\org\apache\maven\maven-artifact\2.0.4\maven-artifact-2.0.4.jar;C:\Users\Sadique\.m2\repository\org\codehaus\plexus\plexus-container-default\1.0-alpha-9\plexus-container-default-1.0-alpha-9.jar;C:\Users\Sadique\.m2\repository\classworlds\classworlds\1.1-alpha-2\classworlds-1.1-alpha-2.jar;C:\Users\Sadique\.m2\repository\org\apache\maven\doxia\doxia-core\1.0\doxia-core-1.0.jar;C:\Users\Sadique\.m2\repository\org\apache\maven\doxia\doxia-site-renderer\1.0\doxia-site-renderer-1.0.jar;C:\Users\Sadique\.m2\repository\org\codehaus\plexus\plexus-i18n\1.0-beta-7\plexus-i18n-1.0-beta-7.jar;C:\Users\Sadique\.m2\repository\org\codehaus\plexus\plexus-velocity\1.1.7\plexus-velocity-1.1.7.jar;C:\Users\Sadique\.m2\repository\org\apache\velocity\velocity\1.5\velocity-1.5.jar;C:\Users\Sadique\.m2\repository\commons-lang\commons-lang\2.1\commons-lang-2.1.jar;C:\Users\Sadique\.m2\repository\org\apache\maven\doxia\doxia-decoration-model\1.0\doxia-decoration-model-1.0.jar;C:\Users\Sadique\.m2\repository\commons-collections\commons-collections\3.2\commons-collections-3.2.jar;C:\Users\Sadique\.m2\repository\org\apache\maven\doxia\doxia-module-apt\1.0\doxia-module-apt-1.0.jar;C:\Users\Sadique\.m2\repository\org\apache\maven\doxia\doxia-module-fml\1.0\doxia-module-fml-1.0.jar;C:\Users\Sadique\.m2\repository\org\apache\maven\doxia\doxia-module-xdoc\1.0\doxia-module-xdoc-1.0.jar;C:\Users\Sadique\.m2\repository\org\apache\maven\doxia\doxia-module-xhtml\1.0\doxia-module-xhtml-1.0.jar;C:\Users\Sadique\.m2\repository\commons-validator\commons-validator\1.2.0\commons-validator-1.2.0.jar;C:\Users\Sadique\.m2\repository\commons-beanutils\commons-beanutils\1.7.0\commons-beanutils-1.7.0.jar;C:\Users\Sadique\.m2\repository\commons-digester\commons-digester\1.6\commons-digester-1.6.jar;C:\Users\Sadique\.m2\repository\oro\oro\2.0.8\oro-2.0.8.jar;C:\Users\Sadique\.m2\repository\org\apache\maven\shared\maven-doxia-tools\1.0.2\maven-doxia-tools-1.0.2.jar;C:\Users\Sadique\.m2\repository\org\seleniumhq\selenium\selenium-java\3.12.0\selenium-java-3.12.0.jar;C:\Users\Sadique\.m2\repository\org\seleniumhq\selenium\selenium-api\3.12.0\selenium-api-3.12.0.jar;C:\Users\Sadique\.m2\repository\org\seleniumhq\selenium\selenium-chrome-driver\3.12.0\selenium-chrome-driver-3.12.0.jar;C:\Users\Sadique\.m2\repository\org\seleniumhq\selenium\selenium-edge-driver\3.12.0\selenium-edge-driver-3.12.0.jar;C:\Users\Sadique\.m2\repository\org\seleniumhq\selenium\selenium-firefox-driver\3.12.0\selenium-firefox-driver-3.12.0.jar;C:\Users\Sadique\.m2\repository\org\seleniumhq\selenium\selenium-ie-driver\3.12.0\selenium-ie-driver-3.12.0.jar;C:\Users\Sadique\.m2\repository\org\seleniumhq\selenium\selenium-opera-driver\3.12.0\selenium-opera-driver-3.12.0.jar;C:\Users\Sadique\.m2\repository\org\seleniumhq\selenium\selenium-remote-driver\3.12.0\selenium-remote-driver-3.12.0.jar;C:\Users\Sadique\.m2\repository\org\seleniumhq\selenium\selenium-safari-driver\3.12.0\selenium-safari-driver-3.12.0.jar;C:\Users\Sadique\.m2\repository\org\seleniumhq\selenium\selenium-support\3.12.0\selenium-support-3.12.0.jar;C:\Users\Sadique\.m2\repository\net\bytebuddy\byte-buddy\1.8.3\byte-buddy-1.8.3.jar;C:\Users\Sadique\.m2\repository\org\apache\commons\commons-exec\1.3\commons-exec-1.3.jar;C:\Users\Sadique\.m2\repository\commons-logging\commons-logging\1.2\commons-logging-1.2.jar;C:\Users\Sadique\.m2\repository\com\google\guava\guava\23.6-jre\guava-23.6-jre.jar;C:\Users\Sadique\.m2\repository\com\google\code\findbugs\jsr305\1.3.9\jsr305-1.3.9.jar;C:\Users\Sadique\.m2\repository\org\checkerframework\checker-compat-qual\2.0.0\checker-compat-qual-2.0.0.jar;C:\Users\Sadique\.m2\repository\com\google\errorprone\error_prone_annotations\2.1.3\error_prone_annotations-2.1.3.jar;C:\Users\Sadique\.m2\repository\com\google\j2objc\j2objc-annotations\1.1\j2objc-annotations-1.1.jar;C:\Users\Sadique\.m2\repository\org\codehaus\mojo\animal-sniffer-annotations\1.14\animal-sniffer-annotations-1.14.jar;C:\Users\Sadique\.m2\repository\org\apache\httpcomponents\httpcore\4.4.6\httpcore-4.4.6.jar;C:\Users\Sadique\.m2\repository\com\squareup\okhttp3\okhttp\3.9.1\okhttp-3.9.1.jar;C:\Users\Sadique\.m2\repository\com\squareup\okio\okio\1.13.0\okio-1.13.0.jar;C:\Users\Sadique\.m2\repository\org\testng\testng\6.8\testng-6.8.jar;C:\Users\Sadique\.m2\repository\org\beanshell\bsh\2.0b4\bsh-2.0b4.jar;C:\Users\Sadique\.m2\repository\com\beust\jcommander\1.27\jcommander-1.27.jar;C:\Users\Sadique\.m2\repository\org\yaml\snakeyaml\1.6\snakeyaml-1.6.jar;C:\Users\Sadique\.m2\repository\com\aventstack\extentreports\3.1.5\extentreports-3.1.5.jar;C:\Users\Sadique\.m2\repository\org\mongodb\mongodb-driver\3.3.0\mongodb-driver-3.3.0.jar;C:\Users\Sadique\.m2\repository\org\mongodb\bson\3.3.0\bson-3.3.0.jar;C:\Users\Sadique\.m2\repository\org\mongodb\mongodb-driver-core\3.3.0\mongodb-driver-core-3.3.0.jar;C:\Users\Sadique\.m2\repository\org\apache\httpcomponents\httpmime\4.5.2\httpmime-4.5.2.jar;C:\Users\Sadique\.m2\repository\com\vimalselvam\cucumber-extentsreport\3.1.0\cucumber-extentsreport-3.1.0.jar;C:\Users\Sadique\.m2\repository\org\apache\poi\poi-ooxml\3.8-beta5\poi-ooxml-3.8-beta5.jar;C:\Users\Sadique\.m2\repository\org\apache\poi\poi\3.8-beta5\poi-3.8-beta5.jar;C:\Users\Sadique\.m2\repository\org\apache\poi\poi-ooxml-schemas\3.8-beta5\poi-ooxml-schemas-3.8-beta5.jar;C:\Users\Sadique\.m2\repository\org\apache\xmlbeans\xmlbeans\2.3.0\xmlbeans-2.3.0.jar;C:\Users\Sadique\.m2\repository\stax\stax-api\1.0.1\stax-api-1.0.1.jar;C:\Users\Sadique\.m2\repository\dom4j\dom4j\1.6.1\dom4j-1.6.1.jar;C:\Users\Sadique\.m2\repository\io\rest-assured\rest-assured\3.0.2\rest-assured-3.0.2.jar;C:\Users\Sadique\.m2\repository\org\codehaus\groovy\groovy\2.4.6\groovy-2.4.6.jar;C:\Users\Sadique\.m2\repository\org\codehaus\groovy\groovy-xml\2.4.6\groovy-xml-2.4.6.jar;C:\Users\Sadique\.m2\repository\org\hamcrest\hamcrest-core\1.3\hamcrest-core-1.3.jar;C:\Users\Sadique\.m2\repository\org\hamcrest\hamcrest-library\1.3\hamcrest-library-1.3.jar;C:\Users\Sadique\.m2\repository\org\ccil\cowan\tagsoup\tagsoup\1.2.1\tagsoup-1.2.1.jar;C:\Users\Sadique\.m2\repository\io\rest-assured\json-schema-validator\3.0.0\json-schema-validator-3.0.0.jar;C:\Users\Sadique\.m2\repository\com\github\fge\json-schema-validator\2.2.6\json-schema-validator-2.2.6.jar;C:\Users\Sadique\.m2\repository\com\googlecode\libphonenumber\libphonenumber\6.2\libphonenumber-6.2.jar;C:\Users\Sadique\.m2\repository\com\github\fge\json-schema-core\1.2.5\json-schema-core-1.2.5.jar;C:\Users\Sadique\.m2\repository\com\github\fge\uri-template\0.9\uri-template-0.9.jar;C:\Users\Sadique\.m2\repository\com\github\fge\msg-simple\1.1\msg-simple-1.1.jar;C:\Users\Sadique\.m2\repository\com\github\fge\btf\1.2\btf-1.2.jar;C:\Users\Sadique\.m2\repository\com\github\fge\jackson-coreutils\1.8\jackson-coreutils-1.8.jar;C:\Users\Sadique\.m2\repository\com\fasterxml\jackson\core\jackson-databind\2.2.3\jackson-databind-2.2.3.jar;C:\Users\Sadique\.m2\repository\com\fasterxml\jackson\core\jackson-annotations\2.2.3\jackson-annotations-2.2.3.jar;C:\Users\Sadique\.m2\repository\com\fasterxml\jackson\core\jackson-core\2.2.3\jackson-core-2.2.3.jar;C:\Users\Sadique\.m2\repository\org\mozilla\rhino\1.7R4\rhino-1.7R4.jar;C:\Users\Sadique\.m2\repository\javax\mail\mailapi\1.4.3\mailapi-1.4.3.jar;C:\Users\Sadique\.m2\repository\javax\activation\activation\1.1\activation-1.1.jar;C:\Users\Sadique\.m2\repository\net\sf\jopt-simple\jopt-simple\4.6\jopt-simple-4.6.jar;C:\Users\Sadique\.m2\repository\io\rest-assured\json-path\5.3.1\json-path-5.3.1.jar;C:\Users\Sadique\.m2\repository\org\apache\groovy\groovy-json\4.0.11\groovy-json-4.0.11.jar;C:\Users\Sadique\.m2\repository\org\apache\groovy\groovy\4.0.11\groovy-4.0.11.jar;C:\Users\Sadique\.m2\repository\io\rest-assured\rest-assured-common\5.3.1\rest-assured-common-5.3.1.jar;C:\Users\Sadique\.m2\repository\io\rest-assured\xml-path\5.3.1\xml-path-5.3.1.jar;C:\Users\Sadique\.m2\repository\org\apache\groovy\groovy-xml\4.0.11\groovy-xml-4.0.11.jar;C:\Users\Sadique\.m2\repository\org\hamcrest\hamcrest-all\1.3\hamcrest-all-1.3.jar;C:\Users\Sadique\.m2\repository\org\codehaus\groovy\groovy-all\2.4.5\groovy-all-2.4.5.jar;C:\Users\Sadique\.m2\repository\org\apache\maven\surefire\surefire-testng-utils\2.22.0\surefire-testng-utils-2.22.0.jar;C:\Users\Sadique\.m2\repository\org\apache\maven\surefire\surefire-grouper\2.22.0\surefire-grouper-2.22.0.jar;"/>
    <property name="java.vm.vendor" value="Oracle Corporation"/>
    <property name="sun.arch.data.model" value="64"/>
    <property name="user.variant" value=""/>
    <property name="java.vendor.url" value="http://java.oracle.com/"/>
    <property name="user.timezone" value="Asia/Dhaka"/>
    <property name="java.vm.specification.version" value="1.8"/>
    <property name="os.name" value="Windows 10"/>
    <property name="user.country" value="US"/>
    <property name="sun.java.launcher" value="SUN_STANDARD"/>
    <property name="sun.boot.library.path" value="C:\Program Files\Java\jdk1.8.0_201\jre\bin"/>
    <property name="sun.java.command" value="C:\Users\Sadique\AppData\Local\Temp\surefire2190971722018012202\surefirebooter4183134840550865633.jar C:\Users\Sadique\AppData\Local\Temp\surefire2190971722018012202 2023-07-21T10-33-11_878-jvmRun1 surefire1772348349600872737tmp surefire_02993352187528646301tmp"/>
    <property name="surefire.test.class.path" value="c:\Users\Sadique\workspace\SundayCaptAmericaProject\target\test-classes;c:\Users\Sadique\workspace\SundayCaptAmericaProject\target\classes;C:\Users\Sadique\.m2\repository\io\github\bonigarcia\webdrivermanager\3.8.1\webdrivermanager-3.8.1.jar;C:\Users\Sadique\.m2\repository\org\slf4j\slf4j-api\1.7.25\slf4j-api-1.7.25.jar;C:\Users\Sadique\.m2\repository\commons-io\commons-io\2.6\commons-io-2.6.jar;C:\Users\Sadique\.m2\repository\com\google\code\gson\gson\2.8.5\gson-2.8.5.jar;C:\Users\Sadique\.m2\repository\org\apache\commons\commons-lang3\3.8.1\commons-lang3-3.8.1.jar;C:\Users\Sadique\.m2\repository\org\apache\httpcomponents\httpclient\4.5.6\httpclient-4.5.6.jar;C:\Users\Sadique\.m2\repository\org\rauschig\jarchivelib\1.0.0\jarchivelib-1.0.0.jar;C:\Users\Sadique\.m2\repository\org\apache\commons\commons-compress\1.18\commons-compress-1.18.jar;C:\Users\Sadique\.m2\repository\org\jsoup\jsoup\1.11.3\jsoup-1.11.3.jar;C:\Users\Sadique\.m2\repository\info\cukes\cucumber-core\1.2.4\cucumber-core-1.2.4.jar;C:\Users\Sadique\.m2\repository\info\cukes\cucumber-html\0.2.3\cucumber-html-0.2.3.jar;C:\Users\Sadique\.m2\repository\info\cukes\cucumber-java\1.2.4\cucumber-java-1.2.4.jar;C:\Users\Sadique\.m2\repository\info\cukes\cucumber-testng\1.2.4\cucumber-testng-1.2.4.jar;C:\Users\Sadique\.m2\repository\info\cukes\gherkin\2.12.2\gherkin-2.12.2.jar;C:\Users\Sadique\.m2\repository\info\cukes\cucumber-jvm-deps\1.0.5\cucumber-jvm-deps-1.0.5.jar;C:\Users\Sadique\.m2\repository\com\github\mkolisnyk\cucumber-report-generator\1.3.5\cucumber-report-generator-1.3.5.jar;C:\Users\Sadique\.m2\repository\xml-apis\xml-apis\1.4.01\xml-apis-1.4.01.jar;C:\Users\Sadique\.m2\repository\batik\batik-transcoder\1.6-1\batik-transcoder-1.6-1.jar;C:\Users\Sadique\.m2\repository\batik\batik-bridge\1.6-1\batik-bridge-1.6-1.jar;C:\Users\Sadique\.m2\repository\batik\batik-gvt\1.6-1\batik-gvt-1.6-1.jar;C:\Users\Sadique\.m2\repository\batik\batik-awt-util\1.6-1\batik-awt-util-1.6-1.jar;C:\Users\Sadique\.m2\repository\batik\batik-util\1.6-1\batik-util-1.6-1.jar;C:\Users\Sadique\.m2\repository\batik\batik-gui-util\1.6-1\batik-gui-util-1.6-1.jar;C:\Users\Sadique\.m2\repository\batik\batik-ext\1.6-1\batik-ext-1.6-1.jar;C:\Users\Sadique\.m2\repository\xml-apis\xmlParserAPIs\2.0.2\xmlParserAPIs-2.0.2.jar;C:\Users\Sadique\.m2\repository\batik\batik-script\1.6-1\batik-script-1.6-1.jar;C:\Users\Sadique\.m2\repository\rhino\js\1.5R4.1\js-1.5R4.1.jar;C:\Users\Sadique\.m2\repository\batik\batik-svg-dom\1.6-1\batik-svg-dom-1.6-1.jar;C:\Users\Sadique\.m2\repository\batik\batik-dom\1.6-1\batik-dom-1.6-1.jar;C:\Users\Sadique\.m2\repository\batik\batik-css\1.6-1\batik-css-1.6-1.jar;C:\Users\Sadique\.m2\repository\batik\batik-xml\1.6-1\batik-xml-1.6-1.jar;C:\Users\Sadique\.m2\repository\xerces\xercesImpl\2.5.0\xercesImpl-2.5.0.jar;C:\Users\Sadique\.m2\repository\batik\batik-parser\1.6-1\batik-parser-1.6-1.jar;C:\Users\Sadique\.m2\repository\com\itextpdf\itextpdf\5.5.12\itextpdf-5.5.12.jar;C:\Users\Sadique\.m2\repository\com\cedarsoftware\json-io\4.10.0\json-io-4.10.0.jar;C:\Users\Sadique\.m2\repository\info\cukes\cucumber-junit\1.2.5\cucumber-junit-1.2.5.jar;C:\Users\Sadique\.m2\repository\junit\junit\4.12\junit-4.12.jar;C:\Users\Sadique\.m2\repository\org\xhtmlrenderer\flying-saucer-pdf\9.1.7\flying-saucer-pdf-9.1.7.jar;C:\Users\Sadique\.m2\repository\com\lowagie\itext\2.1.7\itext-2.1.7.jar;C:\Users\Sadique\.m2\repository\org\bouncycastle\bctsp-jdk14\1.38\bctsp-jdk14-1.38.jar;C:\Users\Sadique\.m2\repository\org\xhtmlrenderer\flying-saucer-core\9.1.7\flying-saucer-core-9.1.7.jar;C:\Users\Sadique\.m2\repository\commons-codec\commons-codec\1.10\commons-codec-1.10.jar;C:\Users\Sadique\.m2\repository\org\javassist\javassist\3.22.0-CR2\javassist-3.22.0-CR2.jar;C:\Users\Sadique\.m2\repository\joda-time\joda-time\2.9.9\joda-time-2.9.9.jar;C:\Users\Sadique\.m2\repository\org\freemarker\freemarker\2.3.26-incubating\freemarker-2.3.26-incubating.jar;C:\Users\Sadique\.m2\repository\org\codehaus\plexus\plexus-utils\3.0.1\plexus-utils-3.0.1.jar;C:\Users\Sadique\.m2\repository\org\apache\maven\maven-plugin-api\2.0\maven-plugin-api-2.0.jar;C:\Users\Sadique\.m2\repository\org\apache\maven\reporting\maven-reporting-api\2.0.8\maven-reporting-api-2.0.8.jar;C:\Users\Sadique\.m2\repository\org\apache\maven\doxia\doxia-sink-api\1.0-alpha-9\doxia-sink-api-1.0-alpha-9.jar;C:\Users\Sadique\.m2\repository\org\apache\maven\reporting\maven-reporting-impl\2.0.4.3\maven-reporting-impl-2.0.4.3.jar;C:\Users\Sadique\.m2\repository\org\apache\maven\maven-project\2.0.4\maven-project-2.0.4.jar;C:\Users\Sadique\.m2\repository\org\apache\maven\maven-settings\2.0.4\maven-settings-2.0.4.jar;C:\Users\Sadique\.m2\repository\org\apache\maven\maven-profile\2.0.4\maven-profile-2.0.4.jar;C:\Users\Sadique\.m2\repository\org\apache\maven\maven-model\2.0.4\maven-model-2.0.4.jar;C:\Users\Sadique\.m2\repository\org\apache\maven\maven-artifact-manager\2.0.4\maven-artifact-manager-2.0.4.jar;C:\Users\Sadique\.m2\repository\org\apache\maven\maven-repository-metadata\2.0.4\maven-repository-metadata-2.0.4.jar;C:\Users\Sadique\.m2\repository\org\apache\maven\wagon\wagon-provider-api\1.0-alpha-6\wagon-provider-api-1.0-alpha-6.jar;C:\Users\Sadique\.m2\repository\org\apache\maven\maven-artifact\2.0.4\maven-artifact-2.0.4.jar;C:\Users\Sadique\.m2\repository\org\codehaus\plexus\plexus-container-default\1.0-alpha-9\plexus-container-default-1.0-alpha-9.jar;C:\Users\Sadique\.m2\repository\classworlds\classworlds\1.1-alpha-2\classworlds-1.1-alpha-2.jar;C:\Users\Sadique\.m2\repository\org\apache\maven\doxia\doxia-core\1.0\doxia-core-1.0.jar;C:\Users\Sadique\.m2\repository\org\apache\maven\doxia\doxia-site-renderer\1.0\doxia-site-renderer-1.0.jar;C:\Users\Sadique\.m2\repository\org\codehaus\plexus\plexus-i18n\1.0-beta-7\plexus-i18n-1.0-beta-7.jar;C:\Users\Sadique\.m2\repository\org\codehaus\plexus\plexus-velocity\1.1.7\plexus-velocity-1.1.7.jar;C:\Users\Sadique\.m2\repository\org\apache\velocity\velocity\1.5\velocity-1.5.jar;C:\Users\Sadique\.m2\repository\commons-lang\commons-lang\2.1\commons-lang-2.1.jar;C:\Users\Sadique\.m2\repository\org\apache\maven\doxia\doxia-decoration-model\1.0\doxia-decoration-model-1.0.jar;C:\Users\Sadique\.m2\repository\commons-collections\commons-collections\3.2\commons-collections-3.2.jar;C:\Users\Sadique\.m2\repository\org\apache\maven\doxia\doxia-module-apt\1.0\doxia-module-apt-1.0.jar;C:\Users\Sadique\.m2\repository\org\apache\maven\doxia\doxia-module-fml\1.0\doxia-module-fml-1.0.jar;C:\Users\Sadique\.m2\repository\org\apache\maven\doxia\doxia-module-xdoc\1.0\doxia-module-xdoc-1.0.jar;C:\Users\Sadique\.m2\repository\org\apache\maven\doxia\doxia-module-xhtml\1.0\doxia-module-xhtml-1.0.jar;C:\Users\Sadique\.m2\repository\commons-validator\commons-validator\1.2.0\commons-validator-1.2.0.jar;C:\Users\Sadique\.m2\repository\commons-beanutils\commons-beanutils\1.7.0\commons-beanutils-1.7.0.jar;C:\Users\Sadique\.m2\repository\commons-digester\commons-digester\1.6\commons-digester-1.6.jar;C:\Users\Sadique\.m2\repository\oro\oro\2.0.8\oro-2.0.8.jar;C:\Users\Sadique\.m2\repository\org\apache\maven\shared\maven-doxia-tools\1.0.2\maven-doxia-tools-1.0.2.jar;C:\Users\Sadique\.m2\repository\org\seleniumhq\selenium\selenium-java\3.12.0\selenium-java-3.12.0.jar;C:\Users\Sadique\.m2\repository\org\seleniumhq\selenium\selenium-api\3.12.0\selenium-api-3.12.0.jar;C:\Users\Sadique\.m2\repository\org\seleniumhq\selenium\selenium-chrome-driver\3.12.0\selenium-chrome-driver-3.12.0.jar;C:\Users\Sadique\.m2\repository\org\seleniumhq\selenium\selenium-edge-driver\3.12.0\selenium-edge-driver-3.12.0.jar;C:\Users\Sadique\.m2\repository\org\seleniumhq\selenium\selenium-firefox-driver\3.12.0\selenium-firefox-driver-3.12.0.jar;C:\Users\Sadique\.m2\repository\org\seleniumhq\selenium\selenium-ie-driver\3.12.0\selenium-ie-driver-3.12.0.jar;C:\Users\Sadique\.m2\repository\org\seleniumhq\selenium\selenium-opera-driver\3.12.0\selenium-opera-driver-3.12.0.jar;C:\Users\Sadique\.m2\repository\org\seleniumhq\selenium\selenium-remote-driver\3.12.0\selenium-remote-driver-3.12.0.jar;C:\Users\Sadique\.m2\repository\org\seleniumhq\selenium\selenium-safari-driver\3.12.0\selenium-safari-driver-3.12.0.jar;C:\Users\Sadique\.m2\repository\org\seleniumhq\selenium\selenium-support\3.12.0\selenium-support-3.12.0.jar;C:\Users\Sadique\.m2\repository\net\bytebuddy\byte-buddy\1.8.3\byte-buddy-1.8.3.jar;C:\Users\Sadique\.m2\repository\org\apache\commons\commons-exec\1.3\commons-exec-1.3.jar;C:\Users\Sadique\.m2\repository\commons-logging\commons-logging\1.2\commons-logging-1.2.jar;C:\Users\Sadique\.m2\repository\com\google\guava\guava\23.6-jre\guava-23.6-jre.jar;C:\Users\Sadique\.m2\repository\com\google\code\findbugs\jsr305\1.3.9\jsr305-1.3.9.jar;C:\Users\Sadique\.m2\repository\org\checkerframework\checker-compat-qual\2.0.0\checker-compat-qual-2.0.0.jar;C:\Users\Sadique\.m2\repository\com\google\errorprone\error_prone_annotations\2.1.3\error_prone_annotations-2.1.3.jar;C:\Users\Sadique\.m2\repository\com\google\j2objc\j2objc-annotations\1.1\j2objc-annotations-1.1.jar;C:\Users\Sadique\.m2\repository\org\codehaus\mojo\animal-sniffer-annotations\1.14\animal-sniffer-annotations-1.14.jar;C:\Users\Sadique\.m2\repository\org\apache\httpcomponents\httpcore\4.4.6\httpcore-4.4.6.jar;C:\Users\Sadique\.m2\repository\com\squareup\okhttp3\okhttp\3.9.1\okhttp-3.9.1.jar;C:\Users\Sadique\.m2\repository\com\squareup\okio\okio\1.13.0\okio-1.13.0.jar;C:\Users\Sadique\.m2\repository\org\testng\testng\6.8\testng-6.8.jar;C:\Users\Sadique\.m2\repository\org\beanshell\bsh\2.0b4\bsh-2.0b4.jar;C:\Users\Sadique\.m2\repository\com\beust\jcommander\1.27\jcommander-1.27.jar;C:\Users\Sadique\.m2\repository\org\yaml\snakeyaml\1.6\snakeyaml-1.6.jar;C:\Users\Sadique\.m2\repository\com\aventstack\extentreports\3.1.5\extentreports-3.1.5.jar;C:\Users\Sadique\.m2\repository\org\mongodb\mongodb-driver\3.3.0\mongodb-driver-3.3.0.jar;C:\Users\Sadique\.m2\repository\org\mongodb\bson\3.3.0\bson-3.3.0.jar;C:\Users\Sadique\.m2\repository\org\mongodb\mongodb-driver-core\3.3.0\mongodb-driver-core-3.3.0.jar;C:\Users\Sadique\.m2\repository\org\apache\httpcomponents\httpmime\4.5.2\httpmime-4.5.2.jar;C:\Users\Sadique\.m2\repository\com\vimalselvam\cucumber-extentsreport\3.1.0\cucumber-extentsreport-3.1.0.jar;C:\Users\Sadique\.m2\repository\org\apache\poi\poi-ooxml\3.8-beta5\poi-ooxml-3.8-beta5.jar;C:\Users\Sadique\.m2\repository\org\apache\poi\poi\3.8-beta5\poi-3.8-beta5.jar;C:\Users\Sadique\.m2\repository\org\apache\poi\poi-ooxml-schemas\3.8-beta5\poi-ooxml-schemas-3.8-beta5.jar;C:\Users\Sadique\.m2\repository\org\apache\xmlbeans\xmlbeans\2.3.0\xmlbeans-2.3.0.jar;C:\Users\Sadique\.m2\repository\stax\stax-api\1.0.1\stax-api-1.0.1.jar;C:\Users\Sadique\.m2\repository\dom4j\dom4j\1.6.1\dom4j-1.6.1.jar;C:\Users\Sadique\.m2\repository\io\rest-assured\rest-assured\3.0.2\rest-assured-3.0.2.jar;C:\Users\Sadique\.m2\repository\org\codehaus\groovy\groovy\2.4.6\groovy-2.4.6.jar;C:\Users\Sadique\.m2\repository\org\codehaus\groovy\groovy-xml\2.4.6\groovy-xml-2.4.6.jar;C:\Users\Sadique\.m2\repository\org\hamcrest\hamcrest-core\1.3\hamcrest-core-1.3.jar;C:\Users\Sadique\.m2\repository\org\hamcrest\hamcrest-library\1.3\hamcrest-library-1.3.jar;C:\Users\Sadique\.m2\repository\org\ccil\cowan\tagsoup\tagsoup\1.2.1\tagsoup-1.2.1.jar;C:\Users\Sadique\.m2\repository\io\rest-assured\json-schema-validator\3.0.0\json-schema-validator-3.0.0.jar;C:\Users\Sadique\.m2\repository\com\github\fge\json-schema-validator\2.2.6\json-schema-validator-2.2.6.jar;C:\Users\Sadique\.m2\repository\com\googlecode\libphonenumber\libphonenumber\6.2\libphonenumber-6.2.jar;C:\Users\Sadique\.m2\repository\com\github\fge\json-schema-core\1.2.5\json-schema-core-1.2.5.jar;C:\Users\Sadique\.m2\repository\com\github\fge\uri-template\0.9\uri-template-0.9.jar;C:\Users\Sadique\.m2\repository\com\github\fge\msg-simple\1.1\msg-simple-1.1.jar;C:\Users\Sadique\.m2\repository\com\github\fge\btf\1.2\btf-1.2.jar;C:\Users\Sadique\.m2\repository\com\github\fge\jackson-coreutils\1.8\jackson-coreutils-1.8.jar;C:\Users\Sadique\.m2\repository\com\fasterxml\jackson\core\jackson-databind\2.2.3\jackson-databind-2.2.3.jar;C:\Users\Sadique\.m2\repository\com\fasterxml\jackson\core\jackson-annotations\2.2.3\jackson-annotations-2.2.3.jar;C:\Users\Sadique\.m2\repository\com\fasterxml\jackson\core\jackson-core\2.2.3\jackson-core-2.2.3.jar;C:\Users\Sadique\.m2\repository\org\mozilla\rhino\1.7R4\rhino-1.7R4.jar;C:\Users\Sadique\.m2\repository\javax\mail\mailapi\1.4.3\mailapi-1.4.3.jar;C:\Users\Sadique\.m2\repository\javax\activation\activation\1.1\activation-1.1.jar;C:\Users\Sadique\.m2\repository\net\sf\jopt-simple\jopt-simple\4.6\jopt-simple-4.6.jar;C:\Users\Sadique\.m2\repository\io\rest-assured\json-path\5.3.1\json-path-5.3.1.jar;C:\Users\Sadique\.m2\repository\org\apache\groovy\groovy-json\4.0.11\groovy-json-4.0.11.jar;C:\Users\Sadique\.m2\repository\org\apache\groovy\groovy\4.0.11\groovy-4.0.11.jar;C:\Users\Sadique\.m2\repository\io\rest-assured\rest-assured-common\5.3.1\rest-assured-common-5.3.1.jar;C:\Users\Sadique\.m2\repository\io\rest-assured\xml-path\5.3.1\xml-path-5.3.1.jar;C:\Users\Sadique\.m2\repository\org\apache\groovy\groovy-xml\4.0.11\groovy-xml-4.0.11.jar;C:\Users\Sadique\.m2\repository\org\hamcrest\hamcrest-all\1.3\hamcrest-all-1.3.jar;C:\Users\Sadique\.m2\repository\org\codehaus\groovy\groovy-all\2.4.5\groovy-all-2.4.5.jar;C:\Users\Sadique\.m2\repository\org\apache\maven\surefire\surefire-testng-utils\2.22.0\surefire-testng-utils-2.22.0.jar;C:\Users\Sadique\.m2\repository\org\apache\maven\surefire\surefire-grouper\2.22.0\surefire-grouper-2.22.0.jar;"/>
    <property name="sun.cpu.endian" value="little"/>
    <property name="user.home" value="C:\Users\Sadique"/>
    <property name="user.language" value="en"/>
    <property name="java.specification.vendor" value="Oracle Corporation"/>
    <property name="java.home" value="C:\Program Files\Java\jdk1.8.0_201\jre"/>
    <property name="basedir" value="c:\Users\Sadique\workspace\SundayCaptAmericaProject"/>
    <property name="file.separator" value="\"/>
    <property name="line.separator" value="&#10;"/>
    <property name="java.vm.specification.vendor" value="Oracle Corporation"/>
    <property name="java.specification.name" value="Java Platform API Specification"/>
    <property name="java.awt.graphicsenv" value="sun.awt.Win32GraphicsEnvironment"/>
    <property name="surefire.real.class.path" value="C:\Users\Sadique\AppData\Local\Temp\surefire2190971722018012202\surefirebooter4183134840550865633.jar"/>
    <property name="sun.boot.class.path" value="C:\Program Files\Java\jdk1.8.0_201\jre\lib\resources.jar;C:\Program Files\Java\jdk1.8.0_201\jre\lib\rt.jar;C:\Program Files\Java\jdk1.8.0_201\jre\lib\sunrsasign.jar;C:\Program Files\Java\jdk1.8.0_201\jre\lib\jsse.jar;C:\Program Files\Java\jdk1.8.0_201\jre\lib\jce.jar;C:\Program Files\Java\jdk1.8.0_201\jre\lib\charsets.jar;C:\Program Files\Java\jdk1.8.0_201\jre\lib\jfr.jar;C:\Program Files\Java\jdk1.8.0_201\jre\classes"/>
    <property name="user.script" value=""/>
    <property name="sun.management.compiler" value="HotSpot 64-Bit Tiered Compilers"/>
    <property name="java.runtime.version" value="1.8.0_201-b09"/>
    <property name="user.name" value="Sadique"/>
    <property name="path.separator" value=";"/>
    <property name="os.version" value="10.0"/>
    <property name="java.endorsed.dirs" value="C:\Program Files\Java\jdk1.8.0_201\jre\lib\endorsed"/>
    <property name="java.runtime.name" value="Java(TM) SE Runtime Environment"/>
    <property name="file.encoding" value="Cp1252"/>
    <property name="java.vm.name" value="Java HotSpot(TM) 64-Bit Server VM"/>
    <property name="localRepository" value="C:\Users\Sadique\.m2\repository"/>
    <property name="java.vendor.url.bug" value="http://bugreport.sun.com/bugreport/"/>
    <property name="java.io.tmpdir" value="C:\Users\Sadique\AppData\Local\Temp\"/>
    <property name="java.version" value="1.8.0_201"/>
    <property name="user.dir" value="c:\Users\Sadique\workspace\SundayCaptAmericaProject"/>
    <property name="os.arch" value="amd64"/>
    <property name="java.vm.specification.name" value="Java Virtual Machine Specification"/>
    <property name="java.awt.printerjob" value="sun.awt.windows.WPrinterJob"/>
    <property name="sun.os.patch.level" value=""/>
    <property name="java.library.path" value="C:\Program Files\Java\jdk1.8.0_201\jre\bin;C:\Windows\Sun\Java\bin;C:\Windows\system32;C:\Windows;C:\Users\Sadique\bin;C:\Program Files\Git\mingw64\bin;C:\Program Files\Git\usr\local\bin;C:\Program Files\Git\usr\bin;C:\Program Files\Git\usr\bin;C:\Program Files\Git\mingw64\bin;C:\Program Files\Git\usr\bin;C:\Users\Sadique\bin;C:\Program Files (x86)\Common Files\Oracle\Java\javapath;C:\Program Files\Common Files\Oracle\Java\javapath;C:\Program Files (x86)\Seagate Software\NOTES;C:\Program Files (x86)\Seagate Software\NOTES\DATA;C:\Windows\system32;C:\Windows;C:\Windows\System32\Wbem;C:\Windows\System32\WindowsPowerShell\v1.0;C:\Windows\System32\OpenSSH;C:\PROGRA~2\HIGHLI~1;C:\Program Files\dotnet;C:\Program Files\Java\jdk-19\bin;C:\Program Files\Git\cmd;C:\Program Files\MySQL\MySQL Shell 8.0\bin;C:\Users\Sadique\AppData\Local\Microsoft\WindowsApps;C:\Users\Sadique\.dotnet\tools;C:\Program Files\Java\jdk1.8.0_201\bin;C:\Program Files\Java\jre1.8.0_201\bin;C:\Program Files\Java\apache-maven-3.8.8\bin;C:\Users\Sadique\AppData\Local\GitHubDesktop\bin;C:\Program Files\Git\usr\bin\vendor_perl;C:\Program Files\Git\usr\bin\core_perl;."/>
    <property name="java.vm.info" value="mixed mode"/>
    <property name="java.vendor" value="Oracle Corporation"/>
    <property name="java.vm.version" value="25.201-b09"/>
    <property name="java.ext.dirs" value="C:\Program Files\Java\jdk1.8.0_201\jre\lib\ext;C:\Windows\Sun\Java\lib\ext"/>
    <property name="sun.io.unicode.encoding" value="UnicodeLittle"/>
    <property name="java.class.version" value="52.0"/>
  </properties>
  <testcase name="feature" classname="upskill.runners.RunnerClass" time="76.725"/>
  <testcase name="feature" classname="upskill.runners.RunnerClass" time="49.912"/>
  <testcase name="feature" classname="upskill.runners.RunnerClass" time="11.19"/>
  <testcase name="feature" classname="upskill.runners.RunnerClass" time="14.41"/>
  <testcase name="feature" classname="upskill.runners.RunnerClass" time="14.948"/>
  <testcase name="feature" classname="upskill.runners.RunnerClass" time="23.79"/>
  <testcase name="feature" classname="upskill.runners.RunnerClass" time="13.478"/>
  <testcase name="feature" classname="upskill.runners.RunnerClass" time="4.837">
    <failure message="java.lang.NoClassDefFoundError: io/restassured/mapper/factory/GsonObjectMapperFactory" type="cucumber.runtime.CucumberException">cucumber.runtime.CucumberException: java.lang.NoClassDefFoundError: io/restassured/mapper/factory/GsonObjectMapperFactory
Caused by: java.lang.NoClassDefFoundError: io/restassured/mapper/factory/GsonObjectMapperFactory
Caused by: java.lang.ClassNotFoundException: io.restassured.mapper.factory.GsonObjectMapperFactory
</failure>
    <system-out><![CDATA[@regression @api
Feature: Petstore API Testing
--->>>> Initializing Driver....
Test Scenario Name : Pet CRUD API
>>>Screenshot Taken<<<
 ------Test Complete, Browser Closed 

  Scenario: Pet CRUD API # PetstoreApiTesting.feature:4
    Given Create pet     # PetstoreApiSteps.create_pet()
      java.lang.NoClassDefFoundError: io/restassured/mapper/factory/GsonObjectMapperFactory
      	at io.restassured.config.RestAssuredConfig.<init>(RestAssuredConfig.java:41)
      	at io.restassured.RestAssured.<clinit>(RestAssured.java:420)
      	at upskill.api.restassured.PetstoreRestAssuredActions.createPet(PetstoreRestAssuredActions.java:13)
      	at upskill.ebay.stepDef.PetstoreApiSteps.create_pet(PetstoreApiSteps.java:13)
      	at ?.Given Create pet(PetstoreApiTesting.feature:6)
      Caused by: java.lang.ClassNotFoundException: io.restassured.mapper.factory.GsonObjectMapperFactory
      	at java.net.URLClassLoader.findClass(URLClassLoader.java:382)
      	at java.lang.ClassLoader.loadClass(ClassLoader.java:424)
      	at sun.misc.Launcher$AppClassLoader.loadClass(Launcher.java:349)
      	at java.lang.ClassLoader.loadClass(ClassLoader.java:357)
      	at io.restassured.config.RestAssuredConfig.<init>(RestAssuredConfig.java:41)
      	at io.restassured.RestAssured.<clinit>(RestAssured.java:420)
      	at upskill.api.restassured.PetstoreRestAssuredActions.createPet(PetstoreRestAssuredActions.java:13)
      	at upskill.ebay.stepDef.PetstoreApiSteps.create_pet(PetstoreApiSteps.java:13)
      	at sun.reflect.NativeMethodAccessorImpl.invoke0(Native Method)
      	at sun.reflect.NativeMethodAccessorImpl.invoke(NativeMethodAccessorImpl.java:62)
      	at sun.reflect.DelegatingMethodAccessorImpl.invoke(DelegatingMethodAccessorImpl.java:43)
      	at java.lang.reflect.Method.invoke(Method.java:498)
      	at cucumber.runtime.Utils$1.call(Utils.java:37)
      	at cucumber.runtime.Timeout.timeout(Timeout.java:13)
      	at cucumber.runtime.Utils.invoke(Utils.java:31)
      	at cucumber.runtime.java.JavaStepDefinition.execute(JavaStepDefinition.java:38)
      	at cucumber.runtime.StepDefinitionMatch.runStep(StepDefinitionMatch.java:37)
      	at cucumber.runtime.Runtime.runStep(Runtime.java:299)
      	at cucumber.runtime.model.StepContainer.runStep(StepContainer.java:44)
      	at cucumber.runtime.model.StepContainer.runSteps(StepContainer.java:39)
      	at cucumber.runtime.model.CucumberScenario.run(CucumberScenario.java:44)
      	at cucumber.runtime.model.CucumberFeature.run(CucumberFeature.java:165)
      	at cucumber.api.testng.TestNGCucumberRunner.runCucumber(TestNGCucumberRunner.java:63)
      	at cucumber.api.testng.AbstractTestNGCucumberTests.feature(AbstractTestNGCucumberTests.java:21)
      	at sun.reflect.NativeMethodAccessorImpl.invoke0(Native Method)
      	at sun.reflect.NativeMethodAccessorImpl.invoke(NativeMethodAccessorImpl.java:62)
      	at sun.reflect.DelegatingMethodAccessorImpl.invoke(DelegatingMethodAccessorImpl.java:43)
      	at java.lang.reflect.Method.invoke(Method.java:498)
      	at org.testng.internal.MethodInvocationHelper.invokeMethod(MethodInvocationHelper.java:80)
      	at org.testng.internal.Invoker.invokeMethod(Invoker.java:714)
      	at org.testng.internal.Invoker.invokeTestMethod(Invoker.java:901)
      	at org.testng.internal.Invoker.invokeTestMethods(Invoker.java:1231)
      	at org.testng.internal.TestMethodWorker.invokeTestMethods(TestMethodWorker.java:127)
      	at org.testng.internal.TestMethodWorker.run(TestMethodWorker.java:111)
      	at org.testng.TestRunner.privateRun(TestRunner.java:767)
      	at org.testng.TestRunner.run(TestRunner.java:617)
      	at org.testng.SuiteRunner.runTest(SuiteRunner.java:334)
      	at org.testng.SuiteRunner.runSequentially(SuiteRunner.java:329)
      	at org.testng.SuiteRunner.privateRun(SuiteRunner.java:291)
      	at org.testng.SuiteRunner.run(SuiteRunner.java:240)
      	at org.testng.SuiteRunnerWorker.runSuite(SuiteRunnerWorker.java:52)
      	at org.testng.SuiteRunnerWorker.run(SuiteRunnerWorker.java:86)
      	at org.testng.TestNG.runSuitesSequentially(TestNG.java:1198)
      	at org.testng.TestNG.runSuitesLocally(TestNG.java:1123)
      	at org.testng.TestNG.run(TestNG.java:1031)
      	at org.apache.maven.surefire.testng.TestNGExecutor.run(TestNGExecutor.java:283)
      	at org.apache.maven.surefire.testng.TestNGXmlTestSuite.execute(TestNGXmlTestSuite.java:75)
      	at org.apache.maven.surefire.testng.TestNGProvider.invoke(TestNGProvider.java:120)
      	at org.apache.maven.surefire.booter.ForkedBooter.invokeProviderInSameClassLoader(ForkedBooter.java:383)
      	at org.apache.maven.surefire.booter.ForkedBooter.runSuitesInProcess(ForkedBooter.java:344)
      	at org.apache.maven.surefire.booter.ForkedBooter.execute(ForkedBooter.java:125)
      	at org.apache.maven.surefire.booter.ForkedBooter.main(ForkedBooter.java:417)

    And Get pet          # PetstoreApiSteps.get_pet()
    When Update pet      # PetstoreApiSteps.update_pet()
    Then Delete pet      # PetstoreApiSteps.delete_pet()
]]></system-out>
    <system-err><![CDATA[Starting ChromeDriver 114.0.5735.90 (386bc09e8f4f2e025eddae123f36f6263096ae49-refs/branch-heads/5735@{#1052}) on port 36406
Only local connections are allowed.
Please see https://chromedriver.chromium.org/security-considerations for suggestions on keeping ChromeDriver safe.
ChromeDriver was started successfully.
[1689914198.503][WARNING]: This version of ChromeDriver has not been tested with Chrome version 115.
Jul 21, 2023 10:36:38 AM org.openqa.selenium.remote.ProtocolHandshake createSession
INFO: Detected dialect: W3C
]]></system-err>
  </testcase>
  <testcase name="feature" classname="upskill.runners.RunnerClass" time="53.574"/>
  <testcase name="feature" classname="upskill.runners.RunnerClass" time="41.842"/>
</testsuite>